mode: set
pinn-connect-service/internal/service/health.go:23.143,29.2 1 1
pinn-connect-service/internal/service/health.go:31.64,32.65 1 1
pinn-connect-service/internal/service/health.go:32.65,34.3 1 1
pinn-connect-service/internal/service/health.go:36.2,36.57 1 1
pinn-connect-service/internal/service/health.go:36.57,38.3 1 1
pinn-connect-service/internal/service/health.go:40.2,40.58 1 1
pinn-connect-service/internal/service/health.go:40.58,42.3 1 1
pinn-connect-service/internal/service/health.go:44.2,44.12 1 1
pinn-connect-service/internal/service/model.go:30.86,35.2 1 1
pinn-connect-service/internal/service/model.go:37.118,40.75 2 1
pinn-connect-service/internal/service/model.go:40.75,42.3 1 1
pinn-connect-service/internal/service/model.go:44.2,45.16 2 1
pinn-connect-service/internal/service/model.go:45.16,47.3 1 1
pinn-connect-service/internal/service/model.go:49.2,49.12 1 1
pinn-connect-service/internal/service/model.go:52.120,54.16 2 1
pinn-connect-service/internal/service/model.go:54.16,56.3 1 1
pinn-connect-service/internal/service/model.go:57.2,57.18 1 1
pinn-connect-service/internal/service/model.go:57.18,59.3 1 1
pinn-connect-service/internal/service/model.go:61.2,61.32 1 1
pinn-connect-service/internal/service/model.go:61.32,62.74 1 1
pinn-connect-service/internal/service/model.go:62.74,64.4 1 1
pinn-connect-service/internal/service/model.go:67.2,68.75 2 1
pinn-connect-service/internal/service/model.go:68.75,70.3 1 1
pinn-connect-service/internal/service/model.go:72.2,72.68 1 1
pinn-connect-service/internal/service/model.go:72.68,74.3 1 1
pinn-connect-service/internal/service/model.go:76.2,76.12 1 1
pinn-connect-service/internal/service/model.go:79.90,81.16 2 1
pinn-connect-service/internal/service/model.go:81.16,83.3 1 1
pinn-connect-service/internal/service/model.go:84.2,84.18 1 1
pinn-connect-service/internal/service/model.go:84.18,86.3 1 1
pinn-connect-service/internal/service/model.go:88.2,88.34 1 1
pinn-connect-service/internal/service/model.go:91.82,93.16 2 1
pinn-connect-service/internal/service/model.go:93.16,95.3 1 1
pinn-connect-service/internal/service/model.go:97.2,97.20 1 1
pinn-connect-service/internal/service/model.go:100.119,102.16 2 1
pinn-connect-service/internal/service/model.go:102.16,104.3 1 1
pinn-connect-service/internal/service/model.go:106.2,106.19 1 1
pinn-connect-service/internal/service/model.go:109.79,111.16 2 1
pinn-connect-service/internal/service/model.go:111.16,113.3 1 1
pinn-connect-service/internal/service/model.go:115.2,115.63 1 1
pinn-connect-service/internal/service/model.go:115.63,117.3 1 1
pinn-connect-service/internal/service/model.go:119.2,119.76 1 1
pinn-connect-service/internal/service/model.go:119.76,120.13 1 1
pinn-connect-service/internal/service/model.go:120.13,121.92 1 1
pinn-connect-service/internal/service/model.go:121.92,123.5 1 1
pinn-connect-service/internal/service/model.go:127.2,127.12 1 1
pinn-connect-service/internal/service/model.go:130.88,132.16 2 1
pinn-connect-service/internal/service/model.go:132.16,134.3 1 1
pinn-connect-service/internal/service/model.go:136.2,136.73 1 1
pinn-connect-service/internal/service/model.go:136.73,138.3 1 1
pinn-connect-service/internal/service/model.go:140.2,140.12 1 1
pinn-connect-service/internal/service/model.go:143.80,145.16 2 1
pinn-connect-service/internal/service/model.go:145.16,147.3 1 1
pinn-connect-service/internal/service/model.go:149.2,149.20 1 1
pinn-connect-service/internal/service/model.go:152.105,153.82 1 1
pinn-connect-service/internal/service/model.go:153.82,155.3 1 1
pinn-connect-service/internal/service/model.go:157.2,157.12 1 1
pinn-connect-service/internal/service/task.go:75.43,86.2 1 1
pinn-connect-service/internal/service/task.go:88.97,89.52 1 1
pinn-connect-service/internal/service/task.go:89.52,91.3 1 1
pinn-connect-service/internal/service/task.go:93.2,96.69 3 1
pinn-connect-service/internal/service/task.go:96.69,98.3 1 1
pinn-connect-service/internal/service/task.go:100.2,100.29 1 1
pinn-connect-service/internal/service/task.go:103.103,104.15 1 1
pinn-connect-service/internal/service/task.go:104.15,105.17 1 1
pinn-connect-service/internal/service/task.go:105.17,106.68 1 1
pinn-connect-service/internal/service/task.go:106.68,108.5 1 0
pinn-connect-service/internal/service/task.go:112.2,113.16 2 1
pinn-connect-service/internal/service/task.go:113.16,115.3 1 1
pinn-connect-service/internal/service/task.go:117.2,117.19 1 1
pinn-connect-service/internal/service/task.go:117.19,120.3 2 1
pinn-connect-service/internal/service/task.go:122.2,126.16 4 1
pinn-connect-service/internal/service/task.go:126.16,128.3 1 0
pinn-connect-service/internal/service/task.go:130.2,143.16 5 1
pinn-connect-service/internal/service/task.go:143.16,145.3 1 1
pinn-connect-service/internal/service/task.go:145.8,145.29 1 1
pinn-connect-service/internal/service/task.go:145.29,149.46 3 1
pinn-connect-service/internal/service/task.go:149.46,151.4 1 1
pinn-connect-service/internal/service/task.go:153.3,153.52 1 1
pinn-connect-service/internal/service/task.go:153.52,155.4 1 0
pinn-connect-service/internal/service/task.go:157.3,157.13 1 1
pinn-connect-service/internal/service/task.go:160.2,161.67 2 1
pinn-connect-service/internal/service/task.go:161.67,163.3 1 1
pinn-connect-service/internal/service/task.go:165.2,165.30 1 1
pinn-connect-service/internal/service/task.go:168.100,170.16 2 1
pinn-connect-service/internal/service/task.go:170.16,172.3 1 1
pinn-connect-service/internal/service/task.go:174.2,174.28 1 1
pinn-connect-service/internal/service/task.go:174.28,176.3 1 1
pinn-connect-service/internal/service/task.go:178.2,178.73 1 1
pinn-connect-service/internal/service/task.go:178.73,180.3 1 1
pinn-connect-service/internal/service/task.go:182.2,182.80 1 1
pinn-connect-service/internal/service/task.go:182.80,184.3 1 1
pinn-connect-service/internal/service/task.go:186.2,186.12 1 1
pinn-connect-service/internal/service/task.go:189.79,195.15 4 1
pinn-connect-service/internal/service/task.go:195.15,197.7 2 1
pinn-connect-service/internal/service/task.go:197.7,198.11 1 1
pinn-connect-service/internal/service/task.go:199.22,200.11 1 1
pinn-connect-service/internal/service/task.go:201.20,203.19 2 1
pinn-connect-service/internal/service/task.go:203.19,205.14 2 1
pinn-connect-service/internal/service/task.go:208.5,208.32 1 1
pinn-connect-service/internal/service/task.go:208.32,211.41 2 1
pinn-connect-service/internal/service/task.go:211.41,213.15 2 0
pinn-connect-service/internal/service/task.go:216.6,220.35 4 1
pinn-connect-service/internal/service/task.go:220.35,222.57 2 1
pinn-connect-service/internal/service/task.go:222.57,224.8 1 0
pinn-connect-service/internal/service/task.go:225.7,228.18 4 1
pinn-connect-service/internal/service/task.go:236.88,238.16 2 1
pinn-connect-service/internal/service/task.go:238.16,240.3 1 1
pinn-connect-service/internal/service/task.go:242.2,242.20 1 1
pinn-connect-service/internal/service/task.go:245.104,246.14 1 1
pinn-connect-service/internal/service/task.go:246.14,248.3 1 1
pinn-connect-service/internal/service/task.go:249.2,249.18 1 1
pinn-connect-service/internal/service/task.go:249.18,251.3 1 1
pinn-connect-service/internal/service/task.go:253.2,256.16 3 1
pinn-connect-service/internal/service/task.go:256.16,258.3 1 1
pinn-connect-service/internal/service/task.go:260.2,261.16 2 1
pinn-connect-service/internal/service/task.go:261.16,263.3 1 1
pinn-connect-service/internal/service/task.go:265.2,265.26 1 1
pinn-connect-service/internal/service/task.go:268.75,269.59 1 1
pinn-connect-service/internal/service/task.go:269.59,271.3 1 1
pinn-connect-service/internal/service/task.go:273.2,273.48 1 1
pinn-connect-service/internal/service/task.go:273.48,275.3 1 1
pinn-connect-service/internal/service/task.go:277.2,277.41 1 1
pinn-connect-service/internal/service/task.go:280.87,282.16 2 1
pinn-connect-service/internal/service/task.go:282.16,284.3 1 1
pinn-connect-service/internal/service/task.go:286.2,286.41 1 1
pinn-connect-service/internal/service/task.go:286.41,288.3 1 1
pinn-connect-service/internal/service/task.go:290.2,291.16 2 1
pinn-connect-service/internal/service/task.go:291.16,293.3 1 1
pinn-connect-service/internal/service/task.go:295.2,295.20 1 1
pinn-connect-service/internal/service/task.go:298.54,302.2 3 1
pinn-connect-service/internal/service/task.go:304.76,308.15 3 1
pinn-connect-service/internal/service/task.go:308.15,311.7 2 1
pinn-connect-service/internal/service/task.go:311.7,312.11 1 1
pinn-connect-service/internal/service/task.go:313.22,316.35 2 1
pinn-connect-service/internal/service/task.go:316.35,318.6 1 1
pinn-connect-service/internal/service/task.go:319.5,320.11 2 1
pinn-connect-service/internal/service/task.go:322.20,323.33 1 1
pinn-connect-service/internal/service/task.go:329.57,333.34 3 1
pinn-connect-service/internal/service/task.go:333.34,335.3 1 1
pinn-connect-service/internal/service/task.go:337.2,338.33 2 1
pinn-connect-service/internal/service/task.go:338.33,340.3 1 1
pinn-connect-service/internal/service/task.go:342.2,342.13 1 1
pinn-connect-service/internal/service/task.go:345.96,346.6 1 1
pinn-connect-service/internal/service/task.go:346.6,347.10 1 1
pinn-connect-service/internal/service/task.go:348.26,348.26 0 1
pinn-connect-service/internal/service/task.go:350.11,351.10 1 1
pinn-connect-service/internal/service/task.go:354.3,355.21 2 1
pinn-connect-service/internal/service/task.go:355.21,356.17 1 1
pinn-connect-service/internal/service/task.go:356.17,356.52 1 1
pinn-connect-service/internal/service/task.go:357.4,358.10 2 1
pinn-connect-service/internal/service/task.go:361.3,362.17 2 1
pinn-connect-service/internal/service/task.go:362.17,366.4 3 1
pinn-connect-service/internal/service/task.go:368.3,368.18 1 1
pinn-connect-service/internal/service/task.go:368.18,371.4 2 1
pinn-connect-service/internal/service/task.go:373.3,374.17 2 1
pinn-connect-service/internal/service/task.go:374.17,376.4 1 1
pinn-connect-service/internal/service/task.go:376.9,376.27 1 1
pinn-connect-service/internal/service/task.go:376.27,382.4 4 1
pinn-connect-service/internal/service/task.go:384.3,384.16 1 1
pinn-connect-service/internal/service/task.go:384.16,385.17 1 1
pinn-connect-service/internal/service/task.go:385.17,385.26 1 1
pinn-connect-service/internal/service/task.go:387.4,390.55 3 1
pinn-connect-service/internal/service/task.go:390.55,392.5 1 0
pinn-connect-service/internal/service/task.go:398.87,400.15 2 1
pinn-connect-service/internal/service/task.go:400.15,401.54 1 1
pinn-connect-service/internal/service/task.go:401.54,403.4 1 0
pinn-connect-service/internal/service/task.go:407.2,407.15 1 1
pinn-connect-service/internal/service/task.go:407.15,408.17 1 1
pinn-connect-service/internal/service/task.go:408.17,412.4 3 1
pinn-connect-service/internal/service/task.go:415.2,416.55 2 1
pinn-connect-service/internal/service/task.go:416.55,418.3 1 1
pinn-connect-service/internal/service/task.go:421.2,428.16 2 1
pinn-connect-service/internal/service/task.go:428.16,430.3 1 1
pinn-connect-service/internal/service/task.go:432.2,432.15 1 1
pinn-connect-service/internal/service/task.go:432.15,436.75 3 1
pinn-connect-service/internal/service/task.go:436.75,438.4 1 0
pinn-connect-service/internal/service/task.go:441.2,445.16 3 1
pinn-connect-service/internal/service/task.go:445.16,447.3 1 1
pinn-connect-service/internal/service/task.go:450.2,451.16 2 1
pinn-connect-service/internal/service/task.go:451.16,453.3 1 0
pinn-connect-service/internal/service/task.go:455.2,457.12 2 1
pinn-connect-service/internal/service/task.go:460.85,462.16 2 1
pinn-connect-service/internal/service/task.go:462.16,463.83 1 1
pinn-connect-service/internal/service/task.go:463.83,468.92 4 1
pinn-connect-service/internal/service/task.go:468.92,470.5 1 0
pinn-connect-service/internal/service/task.go:472.4,472.79 1 1
pinn-connect-service/internal/service/task.go:472.79,474.5 1 0
pinn-connect-service/internal/service/task.go:476.4,477.52 2 1
pinn-connect-service/internal/service/task.go:480.3,481.20 2 1
pinn-connect-service/internal/service/task.go:481.20,483.4 1 1
pinn-connect-service/internal/service/task.go:485.3,487.76 2 1
pinn-connect-service/internal/service/task.go:491.2,492.19 2 1
pinn-connect-service/internal/service/task.go:492.19,494.17 2 1
pinn-connect-service/internal/service/task.go:494.17,496.4 1 1
pinn-connect-service/internal/service/task.go:498.3,500.74 2 1
pinn-connect-service/internal/service/task.go:504.2,505.16 2 1
pinn-connect-service/internal/service/task.go:505.16,507.3 1 1
pinn-connect-service/internal/service/task.go:509.2,509.41 1 1
pinn-connect-service/internal/service/task.go:509.41,511.3 1 1
pinn-connect-service/internal/service/task.go:514.2,515.16 2 1
pinn-connect-service/internal/service/task.go:515.16,517.3 1 1
pinn-connect-service/internal/service/task.go:519.2,523.16 3 1
pinn-connect-service/internal/service/task.go:523.16,525.3 1 1
pinn-connect-service/internal/service/task.go:527.2,527.12 1 1
pinn-connect-service/internal/service/task.go:530.71,535.55 4 1
pinn-connect-service/internal/service/task.go:535.55,537.3 1 0
pinn-connect-service/internal/service/task.go:538.2,538.55 1 1
pinn-connect-service/internal/service/task.go:538.55,540.3 1 0
pinn-connect-service/internal/service/task.go:542.2,542.54 1 1
pinn-connect-service/internal/service/task.go:545.78,546.55 1 1
pinn-connect-service/internal/service/task.go:546.55,548.3 1 1
pinn-connect-service/internal/service/task.go:549.2,549.12 1 1
pinn-connect-service/internal/service/task.go:552.100,553.61 1 1
pinn-connect-service/internal/service/task.go:553.61,555.3 1 1
pinn-connect-service/internal/service/task.go:556.2,556.12 1 1
pinn-connect-service/internal/service/task.go:559.93,561.16 2 1
pinn-connect-service/internal/service/task.go:561.16,563.3 1 1
pinn-connect-service/internal/service/task.go:564.2,564.21 1 1
pinn-connect-service/internal/service/task.go:567.64,568.52 1 1
pinn-connect-service/internal/service/task.go:568.52,570.3 1 1
pinn-connect-service/internal/service/task.go:571.2,571.12 1 1
pinn-connect-service/internal/service/task.go:574.67,587.2 1 1
pinn-connect-service/internal/service/task.go:589.91,591.16 2 1
pinn-connect-service/internal/service/task.go:591.16,593.3 1 1
pinn-connect-service/internal/service/task.go:594.2,599.16 4 1
pinn-connect-service/internal/service/task.go:599.16,601.3 1 0
pinn-connect-service/internal/service/task.go:603.2,603.29 1 1
pinn-connect-service/internal/repository/model.go:18.62,20.2 1 0
pinn-connect-service/internal/repository/model.go:22.100,24.16 2 1
pinn-connect-service/internal/repository/model.go:24.16,25.36 1 1
pinn-connect-service/internal/repository/model.go:25.36,27.4 1 1
pinn-connect-service/internal/repository/model.go:28.3,28.57 1 1
pinn-connect-service/internal/repository/model.go:31.2,31.44 1 1
pinn-connect-service/internal/repository/model.go:34.83,36.16 2 1
pinn-connect-service/internal/repository/model.go:36.16,38.3 1 1
pinn-connect-service/internal/repository/model.go:40.2,41.31 2 1
pinn-connect-service/internal/repository/model.go:41.31,43.3 1 1
pinn-connect-service/internal/repository/model.go:45.2,45.20 1 1
pinn-connect-service/internal/repository/model.go:48.108,53.16 2 1
pinn-connect-service/internal/repository/model.go:53.16,55.3 1 1
pinn-connect-service/internal/repository/model.go:57.2,57.12 1 1
pinn-connect-service/internal/repository/model.go:60.80,62.16 2 1
pinn-connect-service/internal/repository/model.go:62.16,64.3 1 1
pinn-connect-service/internal/repository/model.go:66.2,66.20 1 1
pinn-connect-service/internal/repository/model.go:69.122,75.16 2 1
pinn-connect-service/internal/repository/model.go:75.16,77.3 1 1
pinn-connect-service/internal/repository/model.go:79.2,79.42 1 1
pinn-connect-service/internal/repository/model.go:82.82,83.60 1 1
pinn-connect-service/internal/repository/model.go:83.60,85.3 1 1
pinn-connect-service/internal/repository/model.go:86.2,86.12 1 1
pinn-connect-service/internal/repository/model.go:89.56,96.2 1 1
pinn-connect-service/internal/repository/task.go:21.60,23.2 1 0
pinn-connect-service/internal/repository/task.go:25.79,27.29 2 1
pinn-connect-service/internal/repository/task.go:27.29,29.3 1 1
pinn-connect-service/internal/repository/task.go:31.2,32.20 2 1
pinn-connect-service/internal/repository/task.go:32.20,34.3 1 1
pinn-connect-service/internal/repository/task.go:36.2,53.16 2 1
pinn-connect-service/internal/repository/task.go:53.16,55.3 1 1
pinn-connect-service/internal/repository/task.go:57.2,61.12 4 1
pinn-connect-service/internal/repository/task.go:64.97,66.16 2 1
pinn-connect-service/internal/repository/task.go:66.16,67.36 1 1
pinn-connect-service/internal/repository/task.go:67.36,69.4 1 1
pinn-connect-service/internal/repository/task.go:70.3,70.56 1 1
pinn-connect-service/internal/repository/task.go:73.2,73.41 1 1
pinn-connect-service/internal/repository/task.go:76.87,78.49 2 1
pinn-connect-service/internal/repository/task.go:78.49,80.3 1 1
pinn-connect-service/internal/repository/task.go:81.2,81.16 1 1
pinn-connect-service/internal/repository/task.go:81.16,83.3 1 1
pinn-connect-service/internal/repository/task.go:85.2,85.41 1 1
pinn-connect-service/internal/repository/task.go:88.96,90.49 2 1
pinn-connect-service/internal/repository/task.go:90.49,92.3 1 1
pinn-connect-service/internal/repository/task.go:93.2,93.16 1 1
pinn-connect-service/internal/repository/task.go:93.16,95.3 1 1
pinn-connect-service/internal/repository/task.go:97.2,97.31 1 1
pinn-connect-service/internal/repository/task.go:100.104,102.16 2 1
pinn-connect-service/internal/repository/task.go:102.16,104.3 1 1
pinn-connect-service/internal/repository/task.go:106.2,107.27 2 1
pinn-connect-service/internal/repository/task.go:107.27,109.3 1 1
pinn-connect-service/internal/repository/task.go:111.2,111.20 1 1
pinn-connect-service/internal/repository/task.go:114.103,115.16 1 1
pinn-connect-service/internal/repository/task.go:116.31,117.59 1 1
pinn-connect-service/internal/repository/task.go:117.59,119.4 1 1
pinn-connect-service/internal/repository/task.go:120.3,120.13 1 1
pinn-connect-service/internal/repository/task.go:121.28,122.56 1 1
pinn-connect-service/internal/repository/task.go:122.56,124.4 1 1
pinn-connect-service/internal/repository/task.go:125.3,125.13 1 1
pinn-connect-service/internal/repository/task.go:126.25,127.53 1 1
pinn-connect-service/internal/repository/task.go:127.53,129.4 1 1
pinn-connect-service/internal/repository/task.go:130.3,130.13 1 1
pinn-connect-service/internal/repository/task.go:131.26,132.54 1 1
pinn-connect-service/internal/repository/task.go:132.54,134.4 1 1
pinn-connect-service/internal/repository/task.go:135.3,135.13 1 1
pinn-connect-service/internal/repository/task.go:136.25,137.53 1 1
pinn-connect-service/internal/repository/task.go:137.53,139.4 1 1
pinn-connect-service/internal/repository/task.go:140.3,140.13 1 1
pinn-connect-service/internal/repository/task.go:141.28,142.56 1 1
pinn-connect-service/internal/repository/task.go:142.56,144.4 1 1
pinn-connect-service/internal/repository/task.go:145.3,145.13 1 1
pinn-connect-service/internal/repository/task.go:146.26,147.54 1 1
pinn-connect-service/internal/repository/task.go:147.54,149.4 1 1
pinn-connect-service/internal/repository/task.go:150.3,150.13 1 1
pinn-connect-service/internal/repository/task.go:151.10,152.47 1 1
pinn-connect-service/internal/repository/task.go:156.88,161.16 2 1
pinn-connect-service/internal/repository/task.go:161.16,163.3 1 1
pinn-connect-service/internal/repository/task.go:165.2,168.12 3 1
pinn-connect-service/internal/repository/task.go:171.88,173.16 2 1
pinn-connect-service/internal/repository/task.go:173.16,175.3 1 1
pinn-connect-service/internal/repository/task.go:177.2,181.12 4 1
pinn-connect-service/internal/repository/task.go:184.90,189.16 2 1
pinn-connect-service/internal/repository/task.go:189.16,191.3 1 1
pinn-connect-service/internal/repository/task.go:193.2,196.12 3 1
pinn-connect-service/internal/repository/task.go:199.87,204.16 2 1
pinn-connect-service/internal/repository/task.go:204.16,206.3 1 1
pinn-connect-service/internal/repository/task.go:208.2,211.12 3 1
pinn-connect-service/internal/repository/task.go:214.87,216.16 2 1
pinn-connect-service/internal/repository/task.go:216.16,218.3 1 1
pinn-connect-service/internal/repository/task.go:220.2,223.12 3 1
pinn-connect-service/internal/repository/task.go:226.93,228.16 2 1
pinn-connect-service/internal/repository/task.go:228.16,230.3 1 1
pinn-connect-service/internal/repository/task.go:232.2,235.12 3 1
pinn-connect-service/internal/repository/task.go:238.90,239.29 1 1
pinn-connect-service/internal/repository/task.go:239.29,241.3 1 1
pinn-connect-service/internal/repository/task.go:243.2,247.16 2 1
pinn-connect-service/internal/repository/task.go:247.16,249.3 1 1
pinn-connect-service/internal/repository/task.go:251.2,254.12 3 1
pinn-connect-service/internal/repository/task.go:257.87,259.16 2 1
pinn-connect-service/internal/repository/task.go:259.16,261.3 1 1
pinn-connect-service/internal/repository/task.go:263.2,264.27 2 1
pinn-connect-service/internal/repository/task.go:264.27,266.3 1 1
pinn-connect-service/internal/repository/task.go:268.2,268.20 1 1
pinn-connect-service/internal/repository/task.go:271.86,273.16 2 1
pinn-connect-service/internal/repository/task.go:273.16,275.3 1 1
pinn-connect-service/internal/repository/task.go:277.2,278.27 2 1
pinn-connect-service/internal/repository/task.go:278.27,280.3 1 1
pinn-connect-service/internal/repository/task.go:282.2,282.20 1 1
pinn-connect-service/internal/repository/task.go:285.120,290.16 2 1
pinn-connect-service/internal/repository/task.go:290.16,292.3 1 1
pinn-connect-service/internal/repository/task.go:294.2,294.33 1 1
pinn-connect-service/internal/repository/task.go:294.33,296.3 1 1
pinn-connect-service/internal/repository/task.go:298.2,298.8 1 1
pinn-connect-service/internal/repository/task.go:301.76,303.16 2 1
pinn-connect-service/internal/repository/task.go:303.16,305.3 1 1
pinn-connect-service/internal/repository/task.go:307.2,307.19 1 1
pinn-connect-service/internal/repository/task.go:310.78,311.87 1 1
pinn-connect-service/internal/repository/task.go:311.87,313.3 1 1
pinn-connect-service/internal/repository/task.go:315.2,315.12 1 1
pinn-connect-service/internal/repository/task.go:318.53,339.28 2 1
pinn-connect-service/internal/repository/task.go:339.28,341.3 1 1
pinn-connect-service/internal/repository/task.go:342.2,342.26 1 1
pinn-connect-service/internal/repository/task.go:342.26,344.3 1 1
pinn-connect-service/internal/repository/task.go:345.2,345.27 1 1
pinn-connect-service/internal/repository/task.go:345.27,347.3 1 1
pinn-connect-service/internal/repository/task.go:349.2,349.10 1 1
pinn-connect-service/internal/gc/garbagecollector.go:47.62,55.2 1 1
pinn-connect-service/internal/gc/garbagecollector.go:59.58,63.16 3 1
pinn-connect-service/internal/gc/garbagecollector.go:63.16,66.3 2 0
pinn-connect-service/internal/gc/garbagecollector.go:68.2,68.36 1 1
pinn-connect-service/internal/gc/garbagecollector.go:68.36,69.16 1 1
pinn-connect-service/internal/gc/garbagecollector.go:69.16,69.45 1 1
pinn-connect-service/internal/gc/garbagecollector.go:72.2,74.11 2 1
pinn-connect-service/internal/gc/garbagecollector.go:77.81,79.16 2 1
pinn-connect-service/internal/gc/garbagecollector.go:79.16,82.3 2 0
pinn-connect-service/internal/gc/garbagecollector.go:84.2,84.13 1 1
pinn-connect-service/internal/gc/garbagecollector.go:84.13,85.68 1 1
pinn-connect-service/internal/gc/garbagecollector.go:85.68,87.4 1 0
pinn-connect-service/internal/gc/garbagecollector.go:88.3,88.9 1 1
pinn-connect-service/internal/gc/garbagecollector.go:91.2,92.16 2 1
pinn-connect-service/internal/gc/garbagecollector.go:92.16,95.3 2 0
pinn-connect-service/internal/gc/garbagecollector.go:97.2,97.68 1 1
pinn-connect-service/internal/gc/garbagecollector.go:97.68,98.84 1 0
pinn-connect-service/internal/gc/garbagecollector.go:98.84,101.4 2 0
pinn-connect-service/internal/gc/garbagecollector.go:103.3,103.68 1 0
pinn-connect-service/internal/gc/garbagecollector.go:103.68,106.4 2 0
pinn-connect-service/internal/gc/garbagecollector.go:107.8,107.27 1 1
pinn-connect-service/internal/gc/garbagecollector.go:107.27,110.3 2 1
pinn-connect-service/internal/gc/garbagecollector.go:112.2,113.16 2 0
pinn-connect-service/internal/gc/garbagecollector.go:113.16,116.3 2 0
pinn-connect-service/internal/gc/garbagecollector.go:118.2,119.70 2 0
pinn-connect-service/internal/gc/garbagecollector.go:119.70,122.3 2 0
pinn-connect-service/internal/gc/garbagecollector.go:123.2,123.54 1 0
pinn-connect-service/internal/gc/garbagecollector.go:123.54,126.3 2 0
pinn-connect-service/internal/gc/garbagecollector.go:129.65,131.16 2 1
pinn-connect-service/internal/gc/garbagecollector.go:131.16,134.3 2 0
pinn-connect-service/internal/gc/garbagecollector.go:136.2,137.16 2 1
pinn-connect-service/internal/gc/garbagecollector.go:137.16,140.3 2 0
pinn-connect-service/internal/gc/garbagecollector.go:142.2,143.35 2 1
pinn-connect-service/internal/gc/garbagecollector.go:143.35,145.3 1 0
pinn-connect-service/internal/gc/garbagecollector.go:147.2,147.46 1 1
pinn-connect-service/internal/gc/garbagecollector.go:147.46,149.25 2 1
pinn-connect-service/internal/gc/garbagecollector.go:149.25,151.18 2 1
pinn-connect-service/internal/gc/garbagecollector.go:151.18,153.5 1 0
pinn-connect-service/internal/gc/garbagecollector.go:155.4,156.18 2 1
pinn-connect-service/internal/gc/garbagecollector.go:156.18,159.5 2 0
pinn-connect-service/internal/gc/garbagecollector.go:161.4,162.18 2 1
pinn-connect-service/internal/gc/garbagecollector.go:162.18,164.5 1 0
pinn-connect-service/internal/docker/client.go:39.56,42.16 2 0
pinn-connect-service/internal/docker/client.go:42.16,44.3 1 0
pinn-connect-service/internal/docker/client.go:46.2,53.21 3 0
pinn-connect-service/internal/docker/client.go:58.100,59.52 1 1
pinn-connect-service/internal/docker/client.go:59.52,61.3 1 1
pinn-connect-service/internal/docker/client.go:63.2,81.13 3 1
pinn-connect-service/internal/docker/client.go:81.13,82.15 1 1
pinn-connect-service/internal/docker/client.go:82.15,90.4 1 1
pinn-connect-service/internal/docker/client.go:90.9,92.4 1 1
pinn-connect-service/internal/docker/client.go:95.2,96.16 2 1
pinn-connect-service/internal/docker/client.go:96.16,98.3 1 1
pinn-connect-service/internal/docker/client.go:100.2,104.52 3 1
pinn-connect-service/internal/docker/client.go:104.52,108.17 3 1
pinn-connect-service/internal/docker/client.go:108.17,110.4 1 1
pinn-connect-service/internal/docker/client.go:112.3,118.17 5 1
pinn-connect-service/internal/docker/client.go:118.17,120.4 1 1
pinn-connect-service/internal/docker/client.go:122.3,124.76 2 1
pinn-connect-service/internal/docker/client.go:126.2,126.16 1 1
pinn-connect-service/internal/docker/client.go:126.16,130.3 3 1
pinn-connect-service/internal/docker/client.go:132.2,132.25 1 1
pinn-connect-service/internal/docker/client.go:135.91,143.16 4 1
pinn-connect-service/internal/docker/client.go:143.16,145.3 1 1
pinn-connect-service/internal/docker/client.go:147.2,149.27 2 1
pinn-connect-service/internal/docker/client.go:149.27,160.3 1 1
pinn-connect-service/internal/docker/client.go:162.2,162.24 1 1
pinn-connect-service/internal/docker/client.go:166.113,175.16 3 1
pinn-connect-service/internal/docker/client.go:175.16,177.3 1 1
pinn-connect-service/internal/docker/client.go:179.2,179.20 1 1
pinn-connect-service/internal/docker/client.go:182.103,188.16 3 1
pinn-connect-service/internal/docker/client.go:188.16,190.3 1 1
pinn-connect-service/internal/docker/client.go:192.2,192.12 1 1
pinn-connect-service/internal/docker/client.go:196.82,198.16 2 1
pinn-connect-service/internal/docker/client.go:198.16,200.3 1 1
pinn-connect-service/internal/docker/client.go:202.2,202.12 1 1
pinn-connect-service/internal/docker/client.go:206.70,211.16 2 1
pinn-connect-service/internal/docker/client.go:211.16,213.3 1 1
pinn-connect-service/internal/docker/client.go:215.2,215.12 1 1
pinn-connect-service/internal/docker/client.go:220.89,223.9 2 1
pinn-connect-service/internal/docker/client.go:224.24,225.17 1 1
pinn-connect-service/internal/docker/client.go:225.17,227.4 1 1
pinn-connect-service/internal/docker/client.go:229.25,230.23 1 1
pinn-connect-service/internal/docker/client.go:230.23,232.4 1 1
pinn-connect-service/internal/docker/client.go:233.3,233.29 1 1
pinn-connect-service/internal/docker/client.go:235.20,236.22 1 1
pinn-connect-service/internal/docker/client.go:239.2,239.15 1 0
pinn-connect-service/internal/docker/client.go:243.110,245.16 2 1
pinn-connect-service/internal/docker/client.go:245.16,247.3 1 1
pinn-connect-service/internal/docker/client.go:249.2,259.8 2 1
pinn-connect-service/internal/docker/client.go:262.58,265.2 2 1
pinn-connect-service/internal/docker/client.go:267.92,268.23 1 1
pinn-connect-service/internal/docker/client.go:268.23,270.3 1 1
pinn-connect-service/internal/docker/client.go:272.2,273.16 2 1
pinn-connect-service/internal/docker/client.go:273.16,274.30 1 1
pinn-connect-service/internal/docker/client.go:274.30,276.4 1 1
pinn-connect-service/internal/docker/client.go:277.3,277.60 1 1
pinn-connect-service/internal/docker/client.go:280.2,280.18 1 1
pinn-connect-service/internal/docker/client.go:284.109,295.16 4 1
pinn-connect-service/internal/docker/client.go:295.16,297.3 1 1
pinn-connect-service/internal/docker/client.go:298.2,300.65 2 1
pinn-connect-service/internal/docker/client.go:300.65,302.3 1 1
pinn-connect-service/internal/docker/client.go:304.2,305.12 2 1
pinn-connect-service/internal/docker/client.go:308.78,312.6 3 1
pinn-connect-service/internal/docker/client.go:312.6,314.47 2 1
pinn-connect-service/internal/docker/client.go:314.47,315.30 1 1
pinn-connect-service/internal/docker/client.go:315.30,316.10 1 1
pinn-connect-service/internal/docker/client.go:318.4,318.55 1 1
pinn-connect-service/internal/docker/client.go:321.3,321.23 1 1
pinn-connect-service/internal/docker/client.go:321.23,323.4 1 1
pinn-connect-service/internal/docker/client.go:325.3,325.24 1 1
pinn-connect-service/internal/docker/client.go:325.24,327.24 2 1
pinn-connect-service/internal/docker/client.go:327.24,329.23 2 1
pinn-connect-service/internal/docker/client.go:329.23,331.6 1 1
pinn-connect-service/internal/docker/client.go:335.2,335.12 1 1
pinn-connect-service/internal/docker/client.go:338.68,340.16 2 1
pinn-connect-service/internal/docker/client.go:340.16,342.3 1 1
pinn-connect-service/internal/docker/client.go:344.2,344.12 1 1
pinn-connect-service/internal/docker/client.go:344.12,346.3 1 1
pinn-connect-service/internal/docker/client.go:349.2,349.64 1 1
pinn-connect-service/internal/docker/client.go:349.64,351.3 1 1
pinn-connect-service/internal/docker/client.go:353.2,356.16 3 1
pinn-connect-service/internal/docker/client.go:356.16,358.3 1 1
pinn-connect-service/internal/docker/client.go:360.2,362.16 3 1
pinn-connect-service/internal/docker/client.go:362.16,364.3 1 0
pinn-connect-service/internal/docker/client.go:366.2,366.12 1 1
pinn-connect-service/internal/docker/client.go:369.80,388.16 4 1
pinn-connect-service/internal/docker/client.go:388.16,390.3 1 1
pinn-connect-service/internal/docker/client.go:392.2,392.29 1 1
pinn-connect-service/internal/docker/client.go:396.68,398.16 2 1
pinn-connect-service/internal/docker/client.go:398.16,400.3 1 1
pinn-connect-service/internal/docker/client.go:402.2,402.34 1 1
pinn-connect-service/internal/docker/client.go:402.34,403.23 1 1
pinn-connect-service/internal/docker/client.go:403.23,405.4 1 1
pinn-connect-service/internal/docker/client.go:408.2,408.19 1 1
pinn-connect-service/internal/docker/client.go:412.54,414.16 2 1
pinn-connect-service/internal/docker/client.go:414.16,418.3 3 1
pinn-connect-service/internal/docker/client.go:420.2,420.19 1 1
pinn-connect-service/internal/docker/client.go:423.39,424.16 1 1
pinn-connect-service/internal/docker/client.go:424.16,426.3 1 1
pinn-connect-service/internal/docker/client.go:429.2,429.72 1 1
pinn-connect-service/internal/docker/client.go:432.70,434.33 2 1
pinn-connect-service/internal/docker/client.go:434.33,441.3 1 1
pinn-connect-service/internal/docker/client.go:443.2,443.21 1 1
pinn-connect-service/internal/sysstats/resources.go:23.49,25.16 2 1
pinn-connect-service/internal/sysstats/resources.go:25.16,27.3 1 0
pinn-connect-service/internal/sysstats/resources.go:29.2,34.8 2 1
pinn-connect-service/internal/sysstats/resources.go:37.91,38.15 1 1
pinn-connect-service/internal/sysstats/resources.go:38.15,44.7 4 1
pinn-connect-service/internal/sysstats/resources.go:44.7,45.11 1 1
pinn-connect-service/internal/sysstats/resources.go:46.22,47.11 1 1
pinn-connect-service/internal/sysstats/resources.go:48.20,50.44 2 1
pinn-connect-service/internal/sysstats/resources.go:50.44,52.14 2 0
pinn-connect-service/internal/sysstats/resources.go:55.5,55.57 1 1
pinn-connect-service/internal/workspace/workspace.go:17.63,19.2 1 1
pinn-connect-service/internal/workspace/workspace.go:21.58,24.81 2 1
pinn-connect-service/internal/workspace/workspace.go:24.81,26.3 1 0
pinn-connect-service/internal/workspace/workspace.go:28.2,28.82 1 1
pinn-connect-service/internal/workspace/workspace.go:28.82,30.3 1 0
pinn-connect-service/internal/workspace/workspace.go:32.2,32.12 1 1
pinn-connect-service/internal/workspace/workspace.go:35.90,40.16 4 1
pinn-connect-service/internal/workspace/workspace.go:40.16,42.3 1 0
pinn-connect-service/internal/workspace/workspace.go:43.2,46.16 3 1
pinn-connect-service/internal/workspace/workspace.go:46.16,48.3 1 0
pinn-connect-service/internal/workspace/workspace.go:50.2,50.12 1 1
pinn-connect-service/internal/workspace/workspace.go:53.58,55.16 2 1
pinn-connect-service/internal/workspace/workspace.go:55.16,57.3 1 0
pinn-connect-service/internal/workspace/workspace.go:59.2,59.12 1 1
pinn-connect-service/internal/workspace/workspace.go:62.61,64.2 1 1
pinn-connect-service/internal/workspace/workspace.go:66.60,68.2 1 1
pinn-connect-service/internal/workspace/workspace.go:70.69,72.2 1 1
pinn-connect-service/internal/server/health.go:19.71,22.65 2 1
pinn-connect-service/internal/server/health.go:22.65,28.3 4 1
pinn-connect-service/internal/server/health.go:30.2,30.87 1 1
pinn-connect-service/internal/server/health.go:30.87,34.3 3 0
pinn-connect-service/internal/server/model.go:26.73,29.61 2 1
pinn-connect-service/internal/server/model.go:29.61,32.3 2 1
pinn-connect-service/internal/server/model.go:34.2,34.46 1 1
pinn-connect-service/internal/server/model.go:34.46,37.3 2 1
pinn-connect-service/internal/server/model.go:39.2,40.16 2 1
pinn-connect-service/internal/server/model.go:40.16,44.3 3 1
pinn-connect-service/internal/server/model.go:46.2,48.57 3 1
pinn-connect-service/internal/server/model.go:48.57,50.3 1 0
pinn-connect-service/internal/server/model.go:61.76,63.14 2 1
pinn-connect-service/internal/server/model.go:63.14,66.3 2 1
pinn-connect-service/internal/server/model.go:68.2,68.68 1 1
pinn-connect-service/internal/server/model.go:68.68,72.3 3 1
pinn-connect-service/internal/server/model.go:74.2,74.68 1 1
pinn-connect-service/internal/server/model.go:74.68,78.3 3 0
pinn-connect-service/internal/server/model.go:80.2,81.30 2 1
pinn-connect-service/internal/server/model.go:94.76,97.61 2 1
pinn-connect-service/internal/server/model.go:97.61,100.3 2 1
pinn-connect-service/internal/server/model.go:102.2,102.81 1 1
pinn-connect-service/internal/server/model.go:102.81,106.3 3 1
pinn-connect-service/internal/server/model.go:108.2,108.92 1 1
pinn-connect-service/internal/server/model.go:108.92,112.3 3 1
pinn-connect-service/internal/server/model.go:114.2,115.30 2 1
pinn-connect-service/internal/server/model.go:125.74,127.16 2 1
pinn-connect-service/internal/server/model.go:127.16,131.3 3 1
pinn-connect-service/internal/server/model.go:133.2,133.19 1 1
pinn-connect-service/internal/server/model.go:133.19,135.3 1 1
pinn-connect-service/internal/server/model.go:137.2,139.58 2 1
pinn-connect-service/internal/server/model.go:139.58,142.3 2 0
pinn-connect-service/internal/server/model.go:155.81,157.2 1 1
pinn-connect-service/internal/server/model.go:169.75,171.2 1 1
pinn-connect-service/internal/server/model.go:173.91,175.16 2 1
pinn-connect-service/internal/server/model.go:175.16,178.3 2 0
pinn-connect-service/internal/server/model.go:180.2,182.6 2 1
pinn-connect-service/internal/server/model.go:182.6,184.29 2 1
pinn-connect-service/internal/server/model.go:184.29,185.9 1 1
pinn-connect-service/internal/server/model.go:187.3,187.17 1 1
pinn-connect-service/internal/server/model.go:187.17,191.4 3 0
pinn-connect-service/internal/server/model.go:193.3,193.26 1 1
pinn-connect-service/internal/server/model.go:194.16,196.61 2 1
pinn-connect-service/internal/server/model.go:196.61,199.5 2 1
pinn-connect-service/internal/server/model.go:201.4,201.20 1 1
pinn-connect-service/internal/server/model.go:201.20,204.5 2 1
pinn-connect-service/internal/server/model.go:206.4,207.18 2 1
pinn-connect-service/internal/server/model.go:207.18,211.5 3 1
pinn-connect-service/internal/server/model.go:213.4,213.27 1 1
pinn-connect-service/internal/server/model.go:213.27,216.5 2 1
pinn-connect-service/internal/server/model.go:217.4,217.27 1 1
pinn-connect-service/internal/server/model.go:217.27,220.5 2 1
pinn-connect-service/internal/server/model.go:222.4,222.20 1 1
pinn-connect-service/internal/server/model.go:224.20,225.21 1 1
pinn-connect-service/internal/server/model.go:225.21,228.5 2 1
pinn-connect-service/internal/server/model.go:230.4,232.35 3 1
pinn-connect-service/internal/server/model.go:232.35,236.5 3 0
pinn-connect-service/internal/server/model.go:238.4,239.80 2 1
pinn-connect-service/internal/server/model.go:239.80,242.5 2 1
pinn-connect-service/internal/server/model.go:244.4,250.16 5 1
pinn-connect-service/internal/server/model.go:250.16,252.5 1 1
pinn-connect-service/internal/server/model.go:252.10,254.5 1 1
pinn-connect-service/internal/server/model.go:256.4,256.18 1 1
pinn-connect-service/internal/server/model.go:256.18,259.5 2 1
pinn-connect-service/internal/server/model.go:261.4,262.10 2 1
pinn-connect-service/internal/server/model.go:264.11,265.12 1 0
pinn-connect-service/internal/server/model.go:269.2,269.19 1 1
pinn-connect-service/internal/server/model.go:269.19,271.3 1 1
pinn-connect-service/internal/server/model.go:271.8,273.3 1 1
pinn-connect-service/internal/server/server.go:56.122,68.2 3 1
pinn-connect-service/internal/server/server.go:70.62,78.12 3 0
pinn-connect-service/internal/server/server.go:78.12,81.87 2 0
pinn-connect-service/internal/server/server.go:81.87,83.11 2 0
pinn-connect-service/internal/server/server.go:84.29,84.29 0 0
pinn-connect-service/internal/server/server.go:85.12,86.67 1 0
pinn-connect-service/internal/server/server.go:91.2,91.9 1 0
pinn-connect-service/internal/server/server.go:92.20,98.51 4 0
pinn-connect-service/internal/server/server.go:98.51,100.4 1 0
pinn-connect-service/internal/server/server.go:102.3,104.13 2 0
pinn-connect-service/internal/server/server.go:105.22,106.13 1 0
pinn-connect-service/internal/server/server.go:110.30,120.36 4 1
pinn-connect-service/internal/server/server.go:120.36,125.39 3 1
pinn-connect-service/internal/server/server.go:125.39,132.4 6 1
pinn-connect-service/internal/server/server.go:134.3,134.40 1 1
pinn-connect-service/internal/server/server.go:134.40,141.4 6 1
pinn-connect-service/internal/server/server.go:145.65,146.71 1 1
pinn-connect-service/internal/server/server.go:146.71,148.18 2 1
pinn-connect-service/internal/server/server.go:148.18,151.4 2 1
pinn-connect-service/internal/server/server.go:153.3,153.43 1 1
pinn-connect-service/internal/server/server.go:153.43,156.4 2 1
pinn-connect-service/internal/server/server.go:158.3,158.23 1 1
pinn-connect-service/internal/server/stats.go:18.70,20.16 2 1
pinn-connect-service/internal/server/stats.go:20.16,24.3 3 0
pinn-connect-service/internal/server/stats.go:26.2,33.56 3 1
pinn-connect-service/internal/server/stats.go:33.56,37.3 3 0
pinn-connect-service/internal/server/task.go:29.72,31.16 2 1
pinn-connect-service/internal/server/task.go:31.16,34.3 2 0
pinn-connect-service/internal/server/task.go:36.2,40.6 4 1
pinn-connect-service/internal/server/task.go:40.6,42.29 2 1
pinn-connect-service/internal/server/task.go:42.29,43.9 1 1
pinn-connect-service/internal/server/task.go:45.3,45.17 1 1
pinn-connect-service/internal/server/task.go:45.17,48.4 2 0
pinn-connect-service/internal/server/task.go:50.3,50.26 1 1
pinn-connect-service/internal/server/task.go:51.15,53.61 2 1
pinn-connect-service/internal/server/task.go:53.61,56.5 2 1
pinn-connect-service/internal/server/task.go:58.4,58.64 1 1
pinn-connect-service/internal/server/task.go:58.64,61.5 2 1
pinn-connect-service/internal/server/task.go:62.4,62.25 1 1
pinn-connect-service/internal/server/task.go:62.25,64.5 1 1
pinn-connect-service/internal/server/task.go:66.4,66.70 1 1
pinn-connect-service/internal/server/task.go:66.70,69.5 2 1
pinn-connect-service/internal/server/task.go:70.4,70.28 1 1
pinn-connect-service/internal/server/task.go:70.28,72.5 1 1
pinn-connect-service/internal/server/task.go:74.4,74.26 1 1
pinn-connect-service/internal/server/task.go:74.26,77.5 2 1
pinn-connect-service/internal/server/task.go:78.4,78.27 1 1
pinn-connect-service/internal/server/task.go:78.27,80.5 1 1
pinn-connect-service/internal/server/task.go:82.4,83.24 2 1
pinn-connect-service/internal/server/task.go:85.15,89.18 3 1
pinn-connect-service/internal/server/task.go:89.18,93.5 3 1
pinn-connect-service/internal/server/task.go:95.4,95.24 1 1
pinn-connect-service/internal/server/task.go:99.2,99.38 1 1
pinn-connect-service/internal/server/task.go:99.38,102.3 2 1
pinn-connect-service/internal/server/task.go:104.2,105.16 2 1
pinn-connect-service/internal/server/task.go:105.16,106.10 1 1
pinn-connect-service/internal/server/task.go:107.48,108.59 1 1
pinn-connect-service/internal/server/task.go:109.11,111.67 2 1
pinn-connect-service/internal/server/task.go:113.3,113.9 1 1
pinn-connect-service/internal/server/task.go:116.2,118.98 3 1
pinn-connect-service/internal/server/task.go:118.98,120.3 1 0
pinn-connect-service/internal/server/task.go:123.69,132.2 8 1
pinn-connect-service/internal/server/task.go:143.75,145.14 2 1
pinn-connect-service/internal/server/task.go:145.14,148.3 2 1
pinn-connect-service/internal/server/task.go:150.2,151.16 2 1
pinn-connect-service/internal/server/task.go:151.16,154.3 2 1
pinn-connect-service/internal/server/task.go:156.2,157.16 2 1
pinn-connect-service/internal/server/task.go:157.16,161.3 3 1
pinn-connect-service/internal/server/task.go:163.2,163.17 1 1
pinn-connect-service/internal/server/task.go:163.17,166.3 2 1
pinn-connect-service/internal/server/task.go:168.2,169.71 2 1
pinn-connect-service/internal/server/task.go:169.71,173.3 3 0
pinn-connect-service/internal/server/task.go:185.75,187.14 2 1
pinn-connect-service/internal/server/task.go:187.14,190.3 2 1
pinn-connect-service/internal/server/task.go:192.2,193.16 2 1
pinn-connect-service/internal/server/task.go:193.16,196.3 2 1
pinn-connect-service/internal/server/task.go:198.2,199.16 2 1
pinn-connect-service/internal/server/task.go:199.16,203.3 3 1
pinn-connect-service/internal/server/task.go:205.2,205.17 1 1
pinn-connect-service/internal/server/task.go:205.17,208.3 2 1
pinn-connect-service/internal/server/task.go:210.2,210.39 1 1
pinn-connect-service/internal/server/task.go:210.39,213.3 2 1
pinn-connect-service/internal/server/task.go:215.2,215.68 1 1
pinn-connect-service/internal/server/task.go:215.68,219.3 3 1
pinn-connect-service/internal/server/task.go:221.2,222.30 2 1
pinn-connect-service/internal/server/task.go:225.66,233.41 2 1
pinn-connect-service/internal/server/task.go:233.41,235.3 1 1
pinn-connect-service/internal/server/task.go:237.2,237.39 1 1
pinn-connect-service/internal/server/task.go:237.39,239.3 1 1
pinn-connect-service/internal/server/task.go:241.2,241.38 1 1
pinn-connect-service/internal/server/task.go:241.38,244.3 2 1
pinn-connect-service/internal/server/task.go:246.2,246.41 1 1
pinn-connect-service/internal/server/task.go:246.41,250.3 3 1
pinn-connect-service/internal/server/task.go:252.2,252.14 1 1
pinn-connect-service/internal/server/task.go:264.73,266.14 2 1
pinn-connect-service/internal/server/task.go:266.14,269.3 2 1
pinn-connect-service/internal/server/task.go:271.2,272.16 2 1
pinn-connect-service/internal/server/task.go:272.16,275.3 2 1
pinn-connect-service/internal/server/task.go:277.2,280.22 3 1
pinn-connect-service/internal/server/task.go:280.22,282.3 1 1
pinn-connect-service/internal/server/task.go:282.8,282.61 1 1
pinn-connect-service/internal/server/task.go:282.61,284.3 1 1
pinn-connect-service/internal/server/task.go:284.8,286.17 2 1
pinn-connect-service/internal/server/task.go:286.17,289.4 2 1
pinn-connect-service/internal/server/task.go:292.2,295.67 3 1
pinn-connect-service/internal/server/task.go:295.67,299.3 3 1
pinn-connect-service/internal/server/task.go:301.2,301.30 1 1
pinn-connect-service/internal/server/task.go:314.75,316.14 2 1
pinn-connect-service/internal/server/task.go:316.14,319.3 2 1
pinn-connect-service/internal/server/task.go:321.2,322.16 2 1
pinn-connect-service/internal/server/task.go:322.16,325.3 2 1
pinn-connect-service/internal/server/task.go:327.2,328.16 2 1
pinn-connect-service/internal/server/task.go:328.16,332.3 3 1
pinn-connect-service/internal/server/task.go:334.2,334.15 1 1
pinn-connect-service/internal/server/task.go:334.15,337.3 2 1
pinn-connect-service/internal/server/task.go:339.2,340.90 2 1
pinn-connect-service/internal/server/task.go:340.90,342.3 1 0
pinn-connect-service/internal/server/task.go:355.76,360.15 4 1
pinn-connect-service/internal/server/task.go:360.15,362.3 1 1
pinn-connect-service/internal/server/task.go:364.2,365.19 2 1
pinn-connect-service/internal/server/task.go:365.19,367.3 1 1
pinn-connect-service/internal/server/task.go:369.2,370.16 2 1
pinn-connect-service/internal/server/task.go:370.16,374.3 3 1
pinn-connect-service/internal/server/task.go:376.2,383.29 2 1
pinn-connect-service/internal/server/task.go:383.29,385.3 1 1
pinn-connect-service/internal/server/task.go:387.2,388.56 2 1
pinn-connect-service/internal/server/task.go:388.56,392.3 3 0
pinn-connect-service/cmd/server/main.go:35.13,38.30 2 0
pinn-connect-service/cmd/server/main.go:38.30,41.3 2 0
pinn-connect-service/cmd/server/main.go:44.18,49.16 4 0
pinn-connect-service/cmd/server/main.go:49.16,51.3 1 0
pinn-connect-service/cmd/server/main.go:53.2,54.16 2 0
pinn-connect-service/cmd/server/main.go:54.16,56.3 1 0
pinn-connect-service/cmd/server/main.go:57.2,57.15 1 0
pinn-connect-service/cmd/server/main.go:57.15,59.48 2 0
pinn-connect-service/cmd/server/main.go:59.48,61.4 1 0
pinn-connect-service/cmd/server/main.go:64.2,65.16 2 0
pinn-connect-service/cmd/server/main.go:65.16,67.3 1 0
pinn-connect-service/cmd/server/main.go:69.2,69.50 1 0
pinn-connect-service/cmd/server/main.go:69.50,71.3 1 0
pinn-connect-service/cmd/server/main.go:73.2,74.16 2 0
pinn-connect-service/cmd/server/main.go:74.16,76.3 1 0
pinn-connect-service/cmd/server/main.go:77.2,100.108 16 0
pinn-connect-service/cmd/server/main.go:100.108,102.3 1 0
pinn-connect-service/cmd/server/main.go:104.2,106.12 2 0
pinn-connect-service/cmd/server/main.go:109.40,114.16 2 0
pinn-connect-service/cmd/server/main.go:114.16,116.3 1 0
pinn-connect-service/cmd/server/main.go:118.2,118.15 1 0
pinn-connect-service/cmd/server/main.go:118.15,120.23 2 0
pinn-connect-service/cmd/server/main.go:120.23,122.4 1 0
pinn-connect-service/cmd/server/main.go:123.3,123.19 1 0
pinn-connect-service/cmd/server/main.go:123.19,125.4 1 0
pinn-connect-service/cmd/server/main.go:128.2,128.61 1 0
pinn-connect-service/cmd/server/main.go:128.61,130.3 1 0
pinn-connect-service/cmd/server/main.go:132.2,133.12 2 0
pinn-connect-service/internal/config/config.go:63.35,64.30 1 0
pinn-connect-service/internal/config/config.go:64.30,66.3 1 0
pinn-connect-service/internal/config/config.go:67.2,67.25 1 0
pinn-connect-service/internal/config/config.go:67.25,69.3 1 0
pinn-connect-service/internal/config/config.go:70.2,70.25 1 0
pinn-connect-service/internal/config/config.go:70.25,72.3 1 0
pinn-connect-service/internal/config/config.go:73.2,73.28 1 0
pinn-connect-service/internal/config/config.go:73.28,75.3 1 0
pinn-connect-service/internal/config/config.go:76.2,76.31 1 0
pinn-connect-service/internal/config/config.go:76.31,78.3 1 0
pinn-connect-service/internal/config/config.go:80.2,80.52 1 0
pinn-connect-service/internal/config/config.go:80.52,82.3 1 0
pinn-connect-service/internal/config/config.go:84.2,84.12 1 0
pinn-connect-service/internal/config/config.go:87.30,89.39 2 0
pinn-connect-service/internal/config/config.go:89.39,91.3 1 0
pinn-connect-service/internal/config/config.go:93.2,94.16 2 0
pinn-connect-service/internal/config/config.go:94.16,96.3 1 0
pinn-connect-service/internal/config/config.go:97.2,99.39 2 0
pinn-connect-service/internal/config/config.go:99.39,101.3 1 0
pinn-connect-service/internal/config/config.go:103.2,103.17 1 0
pinn-connect-service/docs/docs.go:497.13,499.2 1 0
pinn-connect-service/internal/db/db.go:20.28,22.2 1 0
pinn-connect-service/internal/db/db.go:28.46,32.2 1 0
pinn-connect-service/internal/db/models.go:26.50,27.25 1 0
pinn-connect-service/internal/db/models.go:28.14,29.21 1 0
pinn-connect-service/internal/db/models.go:30.14,31.21 1 0
pinn-connect-service/internal/db/models.go:32.10,33.69 1 0
pinn-connect-service/internal/db/models.go:35.2,35.12 1 0
pinn-connect-service/internal/db/models.go:44.57,45.18 1 0
pinn-connect-service/internal/db/models.go:45.18,48.3 2 0
pinn-connect-service/internal/db/models.go:49.2,50.34 2 0
pinn-connect-service/internal/db/models.go:54.56,55.15 1 0
pinn-connect-service/internal/db/models.go:55.15,57.3 1 0
pinn-connect-service/internal/db/models.go:58.2,58.35 1 0
pinn-connect-service/internal/db/pinger.go:13.73,15.2 1 0
pinn-connect-service/internal/db/query.sql.go:23.90,33.2 4 0
pinn-connect-service/internal/db/query.sql.go:64.87,106.2 4 0
pinn-connect-service/internal/db/query.sql.go:112.69,115.2 2 0
pinn-connect-service/internal/db/query.sql.go:121.73,124.2 2 0
pinn-connect-service/internal/db/query.sql.go:130.81,135.2 4 0
pinn-connect-service/internal/db/query.sql.go:147.94,152.2 4 0
pinn-connect-service/internal/db/query.sql.go:162.71,164.16 2 0
pinn-connect-service/internal/db/query.sql.go:164.16,166.3 1 0
pinn-connect-service/internal/db/query.sql.go:167.2,169.18 3 0
pinn-connect-service/internal/db/query.sql.go:169.18,192.17 2 0
pinn-connect-service/internal/db/query.sql.go:192.17,194.4 1 0
pinn-connect-service/internal/db/query.sql.go:195.3,195.27 1 0
pinn-connect-service/internal/db/query.sql.go:197.2,197.35 1 0
pinn-connect-service/internal/db/query.sql.go:197.35,199.3 1 0
pinn-connect-service/internal/db/query.sql.go:200.2,200.19 1 0
pinn-connect-service/internal/db/query.sql.go:207.79,217.2 4 0
pinn-connect-service/internal/db/query.sql.go:234.72,260.2 4 0
pinn-connect-service/internal/db/query.sql.go:267.82,269.16 2 0
pinn-connect-service/internal/db/query.sql.go:269.16,271.3 1 0
pinn-connect-service/internal/db/query.sql.go:272.2,274.18 3 0
pinn-connect-service/internal/db/query.sql.go:274.18,297.17 2 0
pinn-connect-service/internal/db/query.sql.go:297.17,299.4 1 0
pinn-connect-service/internal/db/query.sql.go:300.3,300.27 1 0
pinn-connect-service/internal/db/query.sql.go:302.2,302.35 1 0
pinn-connect-service/internal/db/query.sql.go:302.35,304.3 1 0
pinn-connect-service/internal/db/query.sql.go:305.2,305.19 1 0
pinn-connect-service/internal/db/query.sql.go:313.82,339.2 4 0
pinn-connect-service/internal/db/query.sql.go:345.69,350.2 4 0
pinn-connect-service/internal/db/query.sql.go:363.103,365.16 2 0
pinn-connect-service/internal/db/query.sql.go:365.16,367.3 1 0
pinn-connect-service/internal/db/query.sql.go:368.2,370.18 3 0
pinn-connect-service/internal/db/query.sql.go:370.18,393.17 2 0
pinn-connect-service/internal/db/query.sql.go:393.17,395.4 1 0
pinn-connect-service/internal/db/query.sql.go:396.3,396.27 1 0
pinn-connect-service/internal/db/query.sql.go:398.2,398.35 1 0
pinn-connect-service/internal/db/query.sql.go:398.35,400.3 1 0
pinn-connect-service/internal/db/query.sql.go:401.2,401.19 1 0
pinn-connect-service/internal/db/query.sql.go:411.114,413.16 2 0
pinn-connect-service/internal/db/query.sql.go:413.16,415.3 1 0
pinn-connect-service/internal/db/query.sql.go:416.2,418.18 3 0
pinn-connect-service/internal/db/query.sql.go:418.18,441.17 2 0
pinn-connect-service/internal/db/query.sql.go:441.17,443.4 1 0
pinn-connect-service/internal/db/query.sql.go:444.3,444.27 1 0
pinn-connect-service/internal/db/query.sql.go:446.2,446.35 1 0
pinn-connect-service/internal/db/query.sql.go:446.35,448.3 1 0
pinn-connect-service/internal/db/query.sql.go:449.2,449.19 1 0
pinn-connect-service/internal/db/query.sql.go:456.68,458.16 2 0
pinn-connect-service/internal/db/query.sql.go:458.16,460.3 1 0
pinn-connect-service/internal/db/query.sql.go:461.2,463.18 3 0
pinn-connect-service/internal/db/query.sql.go:463.18,470.17 2 0
pinn-connect-service/internal/db/query.sql.go:470.17,472.4 1 0
pinn-connect-service/internal/db/query.sql.go:473.3,473.27 1 0
pinn-connect-service/internal/db/query.sql.go:475.2,475.35 1 0
pinn-connect-service/internal/db/query.sql.go:475.35,477.3 1 0
pinn-connect-service/internal/db/query.sql.go:478.2,478.19 1 0
pinn-connect-service/internal/db/query.sql.go:497.101,523.2 4 0
pinn-connect-service/internal/db/query.sql.go:541.95,567.2 4 0
pinn-connect-service/internal/db/query.sql.go:578.91,604.2 4 0
pinn-connect-service/internal/db/query.sql.go:615.85,641.2 4 0
pinn-connect-service/internal/db/query.sql.go:659.97,685.2 4 0
pinn-connect-service/internal/db/query.sql.go:702.101,728.2 4 0
pinn-connect-service/internal/db/query.sql.go:740.86,766.2 4 0
pinn-connect-service/internal/db/query.sql.go:781.81,784.2 2 0
pinn-connect-service/internal/storage/minio.go:25.89,30.16 2 0
pinn-connect-service/internal/storage/minio.go:30.16,32.3 1 0
pinn-connect-service/internal/storage/minio.go:34.2,39.16 2 0
pinn-connect-service/internal/storage/minio.go:39.16,41.3 1 0
pinn-connect-service/internal/storage/minio.go:43.2,44.16 2 0
pinn-connect-service/internal/storage/minio.go:44.16,46.3 1 0
pinn-connect-service/internal/storage/minio.go:48.2,48.13 1 0
pinn-connect-service/internal/storage/minio.go:48.13,50.17 2 0
pinn-connect-service/internal/storage/minio.go:50.17,52.4 1 0
pinn-connect-service/internal/storage/minio.go:55.2,59.8 1 0
pinn-connect-service/internal/storage/minio.go:62.85,71.27 4 1
pinn-connect-service/internal/storage/minio.go:71.27,72.21 1 0
pinn-connect-service/internal/storage/minio.go:72.21,74.4 1 0
pinn-connect-service/internal/storage/minio.go:77.2,77.12 1 1
pinn-connect-service/internal/storage/minio.go:80.113,82.16 2 1
pinn-connect-service/internal/storage/minio.go:82.16,84.3 1 1
pinn-connect-service/internal/storage/minio.go:86.2,87.32 2 1
pinn-connect-service/internal/storage/minio.go:87.32,88.21 1 1
pinn-connect-service/internal/storage/minio.go:88.21,90.9 2 1
pinn-connect-service/internal/storage/minio.go:94.2,94.26 1 1
pinn-connect-service/internal/storage/minio.go:94.26,96.3 1 1
pinn-connect-service/internal/storage/minio.go:98.2,101.16 3 1
pinn-connect-service/internal/storage/minio.go:101.16,103.3 1 0
pinn-connect-service/internal/storage/minio.go:104.2,107.16 3 1
pinn-connect-service/internal/storage/minio.go:107.16,109.3 1 0
pinn-connect-service/internal/storage/minio.go:111.2,113.16 3 1
pinn-connect-service/internal/storage/minio.go:113.16,115.3 1 0
pinn-connect-service/internal/storage/minio.go:117.2,117.23 1 1
pinn-connect-service/internal/storage/minio.go:120.111,122.23 2 1
pinn-connect-service/internal/storage/minio.go:122.23,124.3 1 1
pinn-connect-service/internal/storage/minio.go:126.2,129.16 2 1
pinn-connect-service/internal/storage/minio.go:129.16,131.3 1 1
pinn-connect-service/internal/storage/minio.go:133.2,133.23 1 1
pinn-connect-service/internal/storage/minio.go:136.94,142.16 4 1
pinn-connect-service/internal/storage/minio.go:142.16,144.3 1 1
pinn-connect-service/internal/storage/minio.go:146.2,146.35 1 1
pinn-connect-service/internal/storage/minio.go:149.63,152.2 2 1
