mode: set
pinn-connect-service/internal/server/health.go:19.71,22.65 2 1
pinn-connect-service/internal/server/health.go:22.65,28.3 4 1
pinn-connect-service/internal/server/health.go:30.2,30.87 1 1
pinn-connect-service/internal/server/health.go:30.87,34.3 3 0
pinn-connect-service/internal/server/model.go:26.73,29.61 2 0
pinn-connect-service/internal/server/model.go:29.61,32.3 2 0
pinn-connect-service/internal/server/model.go:34.2,34.46 1 0
pinn-connect-service/internal/server/model.go:34.46,37.3 2 0
pinn-connect-service/internal/server/model.go:39.2,40.16 2 0
pinn-connect-service/internal/server/model.go:40.16,44.3 3 0
pinn-connect-service/internal/server/model.go:46.2,48.57 3 0
pinn-connect-service/internal/server/model.go:48.57,50.3 1 0
pinn-connect-service/internal/server/model.go:61.76,63.14 2 0
pinn-connect-service/internal/server/model.go:63.14,66.3 2 0
pinn-connect-service/internal/server/model.go:68.2,68.68 1 0
pinn-connect-service/internal/server/model.go:68.68,72.3 3 0
pinn-connect-service/internal/server/model.go:74.2,74.68 1 0
pinn-connect-service/internal/server/model.go:74.68,78.3 3 0
pinn-connect-service/internal/server/model.go:80.2,81.30 2 0
pinn-connect-service/internal/server/model.go:94.76,97.61 2 1
pinn-connect-service/internal/server/model.go:97.61,100.3 2 0
pinn-connect-service/internal/server/model.go:102.2,102.81 1 1
pinn-connect-service/internal/server/model.go:102.81,106.3 3 0
pinn-connect-service/internal/server/model.go:108.2,108.92 1 1
pinn-connect-service/internal/server/model.go:108.92,112.3 3 0
pinn-connect-service/internal/server/model.go:114.2,115.30 2 1
pinn-connect-service/internal/server/model.go:125.74,127.16 2 1
pinn-connect-service/internal/server/model.go:127.16,131.3 3 1
pinn-connect-service/internal/server/model.go:133.2,133.19 1 0
pinn-connect-service/internal/server/model.go:133.19,135.3 1 0
pinn-connect-service/internal/server/model.go:137.2,139.58 2 0
pinn-connect-service/internal/server/model.go:139.58,142.3 2 0
pinn-connect-service/internal/server/model.go:155.81,157.2 1 0
pinn-connect-service/internal/server/model.go:169.75,171.2 1 0
pinn-connect-service/internal/server/model.go:173.91,175.16 2 0
pinn-connect-service/internal/server/model.go:175.16,178.3 2 0
pinn-connect-service/internal/server/model.go:180.2,182.6 2 0
pinn-connect-service/internal/server/model.go:182.6,184.29 2 0
pinn-connect-service/internal/server/model.go:184.29,185.9 1 0
pinn-connect-service/internal/server/model.go:187.3,187.17 1 0
pinn-connect-service/internal/server/model.go:187.17,191.4 3 0
pinn-connect-service/internal/server/model.go:193.3,193.26 1 0
pinn-connect-service/internal/server/model.go:194.16,196.61 2 0
pinn-connect-service/internal/server/model.go:196.61,199.5 2 0
pinn-connect-service/internal/server/model.go:201.4,201.20 1 0
pinn-connect-service/internal/server/model.go:201.20,204.5 2 0
pinn-connect-service/internal/server/model.go:206.4,207.18 2 0
pinn-connect-service/internal/server/model.go:207.18,211.5 3 0
pinn-connect-service/internal/server/model.go:213.4,213.27 1 0
pinn-connect-service/internal/server/model.go:213.27,216.5 2 0
pinn-connect-service/internal/server/model.go:217.4,217.27 1 0
pinn-connect-service/internal/server/model.go:217.27,220.5 2 0
pinn-connect-service/internal/server/model.go:222.4,222.20 1 0
pinn-connect-service/internal/server/model.go:224.20,225.21 1 0
pinn-connect-service/internal/server/model.go:225.21,228.5 2 0
pinn-connect-service/internal/server/model.go:230.4,232.35 3 0
pinn-connect-service/internal/server/model.go:232.35,236.5 3 0
pinn-connect-service/internal/server/model.go:238.4,239.80 2 0
pinn-connect-service/internal/server/model.go:239.80,242.5 2 0
pinn-connect-service/internal/server/model.go:244.4,250.16 5 0
pinn-connect-service/internal/server/model.go:250.16,252.5 1 0
pinn-connect-service/internal/server/model.go:252.10,254.5 1 0
pinn-connect-service/internal/server/model.go:256.4,256.18 1 0
pinn-connect-service/internal/server/model.go:256.18,259.5 2 0
pinn-connect-service/internal/server/model.go:261.4,262.10 2 0
pinn-connect-service/internal/server/model.go:264.11,265.12 1 0
pinn-connect-service/internal/server/model.go:269.2,269.19 1 0
pinn-connect-service/internal/server/model.go:269.19,271.3 1 0
pinn-connect-service/internal/server/model.go:271.8,273.3 1 0
pinn-connect-service/internal/server/server.go:56.122,68.2 3 1
pinn-connect-service/internal/server/server.go:70.62,78.12 3 1
pinn-connect-service/internal/server/server.go:78.12,81.87 2 1
pinn-connect-service/internal/server/server.go:81.87,83.11 2 0
pinn-connect-service/internal/server/server.go:84.29,84.29 0 0
pinn-connect-service/internal/server/server.go:85.12,86.67 1 0
pinn-connect-service/internal/server/server.go:91.2,91.9 1 1
pinn-connect-service/internal/server/server.go:92.20,98.51 4 1
pinn-connect-service/internal/server/server.go:98.51,100.4 1 0
pinn-connect-service/internal/server/server.go:102.3,104.13 2 1
pinn-connect-service/internal/server/server.go:105.22,106.13 1 0
pinn-connect-service/internal/server/server.go:110.30,120.36 4 1
pinn-connect-service/internal/server/server.go:120.36,125.39 3 1
pinn-connect-service/internal/server/server.go:125.39,132.4 6 1
pinn-connect-service/internal/server/server.go:134.3,134.40 1 1
pinn-connect-service/internal/server/server.go:134.40,141.4 6 1
pinn-connect-service/internal/server/server.go:145.65,146.71 1 1
pinn-connect-service/internal/server/server.go:146.71,148.18 2 1
pinn-connect-service/internal/server/server.go:148.18,151.4 2 0
pinn-connect-service/internal/server/server.go:153.3,153.43 1 1
pinn-connect-service/internal/server/server.go:153.43,156.4 2 1
pinn-connect-service/internal/server/server.go:158.3,158.23 1 1
pinn-connect-service/internal/server/stats.go:18.70,20.16 2 1
pinn-connect-service/internal/server/stats.go:20.16,24.3 3 0
pinn-connect-service/internal/server/stats.go:26.2,33.56 3 1
pinn-connect-service/internal/server/stats.go:33.56,37.3 3 0
pinn-connect-service/internal/server/task.go:29.72,31.16 2 1
pinn-connect-service/internal/server/task.go:31.16,34.3 2 0
pinn-connect-service/internal/server/task.go:36.2,40.6 4 1
pinn-connect-service/internal/server/task.go:40.6,42.29 2 1
pinn-connect-service/internal/server/task.go:42.29,43.9 1 1
pinn-connect-service/internal/server/task.go:45.3,45.17 1 1
pinn-connect-service/internal/server/task.go:45.17,48.4 2 0
pinn-connect-service/internal/server/task.go:50.3,50.26 1 1
pinn-connect-service/internal/server/task.go:51.15,53.61 2 1
pinn-connect-service/internal/server/task.go:53.61,56.5 2 1
pinn-connect-service/internal/server/task.go:58.4,58.64 1 1
pinn-connect-service/internal/server/task.go:58.64,61.5 2 0
pinn-connect-service/internal/server/task.go:62.4,62.25 1 1
pinn-connect-service/internal/server/task.go:62.25,64.5 1 1
pinn-connect-service/internal/server/task.go:66.4,66.70 1 1
pinn-connect-service/internal/server/task.go:66.70,69.5 2 0
pinn-connect-service/internal/server/task.go:70.4,70.28 1 1
pinn-connect-service/internal/server/task.go:70.28,72.5 1 1
pinn-connect-service/internal/server/task.go:74.4,74.26 1 1
pinn-connect-service/internal/server/task.go:74.26,77.5 2 0
pinn-connect-service/internal/server/task.go:78.4,78.27 1 1
pinn-connect-service/internal/server/task.go:78.27,80.5 1 1
pinn-connect-service/internal/server/task.go:82.4,83.24 2 1
pinn-connect-service/internal/server/task.go:85.15,89.18 3 1
pinn-connect-service/internal/server/task.go:89.18,93.5 3 0
pinn-connect-service/internal/server/task.go:95.4,95.24 1 1
pinn-connect-service/internal/server/task.go:99.2,99.38 1 1
pinn-connect-service/internal/server/task.go:99.38,102.3 2 0
pinn-connect-service/internal/server/task.go:104.2,105.16 2 1
pinn-connect-service/internal/server/task.go:105.16,106.10 1 1
pinn-connect-service/internal/server/task.go:107.48,108.59 1 0
pinn-connect-service/internal/server/task.go:109.11,111.67 2 1
pinn-connect-service/internal/server/task.go:113.3,113.9 1 1
pinn-connect-service/internal/server/task.go:116.2,118.98 3 0
pinn-connect-service/internal/server/task.go:118.98,120.3 1 0
pinn-connect-service/internal/server/task.go:123.69,132.2 8 1
pinn-connect-service/internal/server/task.go:143.75,145.14 2 1
pinn-connect-service/internal/server/task.go:145.14,148.3 2 0
pinn-connect-service/internal/server/task.go:150.2,151.16 2 1
pinn-connect-service/internal/server/task.go:151.16,154.3 2 1
pinn-connect-service/internal/server/task.go:156.2,157.16 2 0
pinn-connect-service/internal/server/task.go:157.16,161.3 3 0
pinn-connect-service/internal/server/task.go:163.2,163.17 1 0
pinn-connect-service/internal/server/task.go:163.17,166.3 2 0
pinn-connect-service/internal/server/task.go:168.2,169.71 2 0
pinn-connect-service/internal/server/task.go:169.71,173.3 3 0
pinn-connect-service/internal/server/task.go:185.75,187.14 2 0
pinn-connect-service/internal/server/task.go:187.14,190.3 2 0
pinn-connect-service/internal/server/task.go:192.2,193.16 2 0
pinn-connect-service/internal/server/task.go:193.16,196.3 2 0
pinn-connect-service/internal/server/task.go:198.2,199.16 2 0
pinn-connect-service/internal/server/task.go:199.16,203.3 3 0
pinn-connect-service/internal/server/task.go:205.2,205.17 1 0
pinn-connect-service/internal/server/task.go:205.17,208.3 2 0
pinn-connect-service/internal/server/task.go:210.2,210.39 1 0
pinn-connect-service/internal/server/task.go:210.39,213.3 2 0
pinn-connect-service/internal/server/task.go:215.2,215.68 1 0
pinn-connect-service/internal/server/task.go:215.68,219.3 3 0
pinn-connect-service/internal/server/task.go:221.2,222.30 2 0
pinn-connect-service/internal/server/task.go:225.66,233.41 2 0
pinn-connect-service/internal/server/task.go:233.41,235.3 1 0
pinn-connect-service/internal/server/task.go:237.2,237.39 1 0
pinn-connect-service/internal/server/task.go:237.39,239.3 1 0
pinn-connect-service/internal/server/task.go:241.2,241.38 1 0
pinn-connect-service/internal/server/task.go:241.38,244.3 2 0
pinn-connect-service/internal/server/task.go:246.2,246.41 1 0
pinn-connect-service/internal/server/task.go:246.41,250.3 3 0
pinn-connect-service/internal/server/task.go:252.2,252.14 1 0
pinn-connect-service/internal/server/task.go:264.73,266.14 2 0
pinn-connect-service/internal/server/task.go:266.14,269.3 2 0
pinn-connect-service/internal/server/task.go:271.2,272.16 2 0
pinn-connect-service/internal/server/task.go:272.16,275.3 2 0
pinn-connect-service/internal/server/task.go:277.2,280.22 3 0
pinn-connect-service/internal/server/task.go:280.22,282.3 1 0
pinn-connect-service/internal/server/task.go:282.8,282.61 1 0
pinn-connect-service/internal/server/task.go:282.61,284.3 1 0
pinn-connect-service/internal/server/task.go:284.8,286.17 2 0
pinn-connect-service/internal/server/task.go:286.17,289.4 2 0
pinn-connect-service/internal/server/task.go:292.2,295.67 3 0
pinn-connect-service/internal/server/task.go:295.67,299.3 3 0
pinn-connect-service/internal/server/task.go:301.2,301.30 1 0
pinn-connect-service/internal/server/task.go:314.75,316.14 2 1
pinn-connect-service/internal/server/task.go:316.14,319.3 2 0
pinn-connect-service/internal/server/task.go:321.2,322.16 2 1
pinn-connect-service/internal/server/task.go:322.16,325.3 2 0
pinn-connect-service/internal/server/task.go:327.2,328.16 2 1
pinn-connect-service/internal/server/task.go:328.16,332.3 3 0
pinn-connect-service/internal/server/task.go:334.2,334.15 1 1
pinn-connect-service/internal/server/task.go:334.15,337.3 2 1
pinn-connect-service/internal/server/task.go:339.2,340.90 2 1
pinn-connect-service/internal/server/task.go:340.90,342.3 1 0
pinn-connect-service/internal/server/task.go:355.76,360.15 4 0
pinn-connect-service/internal/server/task.go:360.15,362.3 1 0
pinn-connect-service/internal/server/task.go:364.2,365.19 2 0
pinn-connect-service/internal/server/task.go:365.19,367.3 1 0
pinn-connect-service/internal/server/task.go:369.2,370.16 2 0
pinn-connect-service/internal/server/task.go:370.16,374.3 3 0
pinn-connect-service/internal/server/task.go:376.2,383.29 2 0
pinn-connect-service/internal/server/task.go:383.29,385.3 1 0
pinn-connect-service/internal/server/task.go:387.2,388.56 2 0
pinn-connect-service/internal/server/task.go:388.56,392.3 3 0
